================================================================
 Worst-case timing paths — flash_attn_core (run_006)
 OpenLane v1.1.1 / sky130A / OpenSTA, 50 MHz (20 ns), pre-P&R
================================================================

############## WORST SETUP PATH (from 2-syn_sta.max.rpt) ##############
Startpoint: _640664_ (rising edge-triggered flip-flop clocked by clk)
Endpoint: _651306_ (rising edge-triggered flip-flop clocked by clk)
Path Group: clk
Path Type: max

Fanout     Cap    Slew   Delay    Time   Description
-----------------------------------------------------------------------------
                  0.00    0.00    0.00   clock clk (rise edge)
                          0.00    0.00   clock network delay (ideal)
                  0.00    0.00    0.00 ^ _640664_/CLK (sky130_fd_sc_hd__dfrtp_2)
     3    0.01    0.05    0.33    0.33 ^ _640664_/Q (sky130_fd_sc_hd__dfrtp_2)
                                         gen_softmax[11].u_softmax.idx[0] (net)
                  0.05    0.00    0.33 ^ _311986_/A (sky130_fd_sc_hd__buf_1)
    10    0.02    0.27    0.24    0.57 ^ _311986_/X (sky130_fd_sc_hd__buf_1)
                                         _284881_ (net)
                  0.27    0.00    0.57 ^ _311987_/A (sky130_fd_sc_hd__buf_1)
    10    0.03    0.37    0.35    0.91 ^ _311987_/X (sky130_fd_sc_hd__buf_1)
                                         _284882_ (net)
                  0.37    0.00    0.91 ^ _312013_/A_N (sky130_fd_sc_hd__and4bb_2)
     7    0.02    0.07    0.31    1.23 v _312013_/X (sky130_fd_sc_hd__and4bb_2)
                                         _284908_ (net)
                  0.07    0.00    1.23 v _312138_/A2 (sky130_fd_sc_hd__a21o_2)
     1    0.00    0.03    0.21    1.43 v _312138_/X (sky130_fd_sc_hd__a21o_2)
                                         _285033_ (net)
                  0.03    0.00    1.43 v _312140_/C (sky130_fd_sc_hd__or4_2)
     1    0.00    0.11    0.61    2.04 v _312140_/X (sky130_fd_sc_hd__or4_2)
                                         _285035_ (net)
                  0.11    0.00    2.04 v _312146_/B1 (sky130_fd_sc_hd__o22ai_2)
     5    0.02    0.29    0.25    2.30 ^ _312146_/Y (sky130_fd_sc_hd__o22ai_2)
                                         _285041_ (net)
                  0.29    0.00    2.30 ^ _312158_/B (sky130_fd_sc_hd__xor2_2)
     2    0.01    0.09    0.11    2.41 v _312158_/X (sky130_fd_sc_hd__xor2_2)
                                         _285053_ (net)
                  0.09    0.00    2.41 v _312159_/B1_N (sky130_fd_sc_hd__a21boi_2)
     4    0.01    0.08    0.19    2.60 v _312159_/Y (sky130_fd_sc_hd__a21boi_2)
                                         _285054_ (net)
                  0.08    0.00    2.60 v _312161_/A2 (sky130_fd_sc_hd__o21a_2)
     5    0.02    0.07    0.24    2.84 v _312161_/X (sky130_fd_sc_hd__o21a_2)
                                         _285056_ (net)
                  0.07    0.00    2.84 v _312163_/A2 (sky130_fd_sc_hd__o21a_2)
     3    0.01    0.05    0.22    3.06 v _312163_/X (sky130_fd_sc_hd__o21a_2)
                                         _285058_ (net)
                  0.05    0.00    3.06 v _312486_/B (sky130_fd_sc_hd__or3_2)
     4    0.01    0.10    0.48    3.54 v _312486_/X (sky130_fd_sc_hd__or3_2)
                                         _285381_ (net)
                  0.10    0.00    3.54 v _312583_/B (sky130_fd_sc_hd__and3_2)
     2    0.01    0.05    0.23    3.77 v _312583_/X (sky130_fd_sc_hd__and3_2)
                                         _285478_ (net)
                  0.05    0.00    3.77 v _312585_/B (sky130_fd_sc_hd__or3_2)
     1    0.00    0.07    0.43    4.20 v _312585_/X (sky130_fd_sc_hd__or3_2)
                                         _285480_ (net)
                  0.07    0.00    4.20 v _312586_/A (sky130_fd_sc_hd__buf_1)
     5    0.02    0.12    0.17    4.37 v _312586_/X (sky130_fd_sc_hd__buf_1)
                                         _285481_ (net)
                  0.12    0.00    4.37 v _312644_/A (sky130_fd_sc_hd__and3_2)
     6    0.02    0.07    0.24    4.62 v _312644_/X (sky130_fd_sc_hd__and3_2)
                                         _285539_ (net)
                  0.07    0.00    4.62 v _312657_/A1 (sky130_fd_sc_hd__o22a_2)
     2    0.01    0.05    0.25    4.87 v _312657_/X (sky130_fd_sc_hd__o22a_2)
                                         _285552_ (net)
                  0.05    0.00    4.87 v _312670_/C (sky130_fd_sc_hd__or3_2)
     3    0.01    0.09    0.43    5.30 v _312670_/X (sky130_fd_sc_hd__or3_2)
                                         _285565_ (net)
                  0.09    0.00    5.30 v _312715_/A (sky130_fd_sc_hd__and3_2)
     2    0.01    0.05    0.20    5.50 v _312715_/X (sky130_fd_sc_hd__and3_2)
                                         _285610_ (net)
                  0.05    0.00    5.50 v _312717_/B (sky130_fd_sc_hd__or3_2)
     3    0.01    0.11    0.49    5.99 v _312717_/X (sky130_fd_sc_hd__or3_2)
                                         _285612_ (net)
                  0.11    0.00    5.99 v _312721_/A1 (sky130_fd_sc_hd__a21o_2)
     1    0.00    0.03    0.20    6.19 v _312721_/X (sky130_fd_sc_hd__a21o_2)
                                         _285616_ (net)
                  0.03    0.00    6.19 v _312723_/B1 (sky130_fd_sc_hd__o311a_2)
     2    0.00    0.06    0.12    6.31 v _312723_/X (sky130_fd_sc_hd__o311a_2)
                                         _285618_ (net)
                  0.06    0.00    6.31 v _312727_/A1 (sky130_fd_sc_hd__o211a_2)
     1    0.00    0.04    0.25    6.56 v _312727_/X (sky130_fd_sc_hd__o211a_2)
                                         _285622_ (net)
                  0.04    0.00    6.56 v _312728_/B2 (sky130_fd_sc_hd__o2bb2a_2)
     1    0.00    0.04    0.23    6.80 v _312728_/X (sky130_fd_sc_hd__o2bb2a_2)
                                         _285623_ (net)
                  0.04    0.00    6.80 v _312735_/A1 (sky130_fd_sc_hd__o31a_2)
     2    0.01    0.07    0.36    7.16 v _312735_/X (sky130_fd_sc_hd__o31a_2)
                                         _285630_ (net)
                  0.07    0.00    7.16 v _312737_/A2 (sky130_fd_sc_hd__a21o_2)
     3    0.01    0.05    0.23    7.39 v _312737_/X (sky130_fd_sc_hd__a21o_2)
                                         _285632_ (net)
                  0.05    0.00    7.39 v _312746_/A2 (sky130_fd_sc_hd__a32o_2)
     3    0.01    0.07    0.30    7.69 v _312746_/X (sky130_fd_sc_hd__a32o_2)
                                         _285641_ (net)
                  0.07    0.00    7.69 v _312754_/A1 (sky130_fd_sc_hd__a211o_2)
     3    0.01    0.06    0.31    8.00 v _312754_/X (sky130_fd_sc_hd__a211o_2)
                                         _285649_ (net)
                  0.06    0.00    8.00 v _312764_/A3 (sky130_fd_sc_hd__a41o_2)
     3    0.01    0.05    0.28    8.28 v _312764_/X (sky130_fd_sc_hd__a41o_2)
                                         _285659_ (net)
                  0.05    0.00    8.28 v _312766_/A2 (sky130_fd_sc_hd__a211o_2)
     3    0.01    0.06    0.35    8.63 v _312766_/X (sky130_fd_sc_hd__a211o_2)
                                         _285661_ (net)
                  0.06    0.00    8.63 v _312770_/A4 (sky130_fd_sc_hd__a41o_2)
     2    0.01    0.06    0.30    8.92 v _312770_/X (sky130_fd_sc_hd__a41o_2)
                                         _285665_ (net)
                  0.06    0.00    8.92 v _312771_/A2 (sky130_fd_sc_hd__a21o_2)
     2    0.01    0.05    0.23    9.15 v _312771_/X (sky130_fd_sc_hd__a21o_2)
                                         _285666_ (net)
                  0.05    0.00    9.15 v _312784_/A1 (sky130_fd_sc_hd__a21boi_2)
    10    0.04    0.43    0.37    9.52 ^ _312784_/Y (sky130_fd_sc_hd__a21boi_2)
                                         _285679_ (net)
                  0.43    0.00    9.52 ^ _312785_/B1 (sky130_fd_sc_hd__a41oi_2)
     5    0.01    0.15    0.11    9.64 v _312785_/Y (sky130_fd_sc_hd__a41oi_2)
                                         _285680_ (net)
                  0.15    0.00    9.64 v _313961_/A2 (sky130_fd_sc_hd__o31a_2)
     1    0.00    0.05    0.35    9.98 v _313961_/X (sky130_fd_sc_hd__o31a_2)
                                         _286856_ (net)
                  0.05    0.00    9.98 v _313967_/B_N (sky130_fd_sc_hd__and4bb_2)
     1    0.00    0.05    0.27   10.25 ^ _313967_/X (sky130_fd_sc_hd__and4bb_2)
                                         _286862_ (net)
                  0.05    0.00   10.25 ^ _313968_/A (sky130_fd_sc_hd__buf_1)
    10    0.04    0.52    0.41   10.66 ^ _313968_/X (sky130_fd_sc_hd__buf_1)
                                         _286863_ (net)
                  0.52    0.00   10.66 ^ _314034_/B (sky130_fd_sc_hd__and2_2)
     5    0.01    0.09    0.27   10.93 ^ _314034_/X (sky130_fd_sc_hd__and2_2)
                                         _286929_ (net)
                  0.09    0.00   10.93 ^ _314081_/B (sky130_fd_sc_hd__or2_2)
     5    0.02    0.11    0.17   11.11 ^ _314081_/X (sky130_fd_sc_hd__or2_2)
                                         _286976_ (net)
                  0.11    0.00   11.11 ^ _314112_/B (sky130_fd_sc_hd__nor2_2)
     4    0.01    0.05    0.05   11.16 v _314112_/Y (sky130_fd_sc_hd__nor2_2)
                                         _287006_ (net)
                  0.05    0.00   11.16 v _314153_/A0 (sky130_fd_sc_hd__mux2_2)
     1    0.00    0.04    0.25   11.41 v _314153_/X (sky130_fd_sc_hd__mux2_2)
                                         _287046_ (net)
                  0.04    0.00   11.41 v _314155_/C (sky130_fd_sc_hd__or4_2)
     1    0.00    0.09    0.59   11.99 v _314155_/X (sky130_fd_sc_hd__or4_2)
                                         _287048_ (net)
                  0.09    0.00   11.99 v _314156_/C (sky130_fd_sc_hd__and3_2)
     1    0.00    0.03    0.22   12.21 v _314156_/X (sky130_fd_sc_hd__and3_2)
                                         _287049_ (net)
                  0.03    0.00   12.21 v _314158_/B (sky130_fd_sc_hd__or3_2)
     1    0.00    0.07    0.43   12.64 v _314158_/X (sky130_fd_sc_hd__or3_2)
                                         _287051_ (net)
                  0.07    0.00   12.64 v _314159_/A (sky130_fd_sc_hd__buf_1)
     1    0.00    0.02    0.09   12.73 v _314159_/X (sky130_fd_sc_hd__buf_1)
                                         _000011_ (net)
                  0.02    0.00   12.73 v _651306_/D (sky130_fd_sc_hd__dfxtp_2)
                                 12.73   data arrival time

                  0.00   20.00   20.00   clock clk (rise edge)
                          0.00   20.00   clock network delay (ideal)
                          0.00   20.00   clock reconvergence pessimism
                                 20.00 ^ _651306_/CLK (sky130_fd_sc_hd__dfxtp_2)
                         -0.11   19.89   library setup time
                                 19.89   data required time
-----------------------------------------------------------------------------
                                 19.89   data required time
                                -12.73   data arrival time
-----------------------------------------------------------------------------
                                  7.16   slack (MET)

############## WORST HOLD PATH (from 2-syn_sta.min.rpt) ###############
Startpoint: _620705_ (rising edge-triggered flip-flop clocked by clk)
Endpoint: _620709_ (rising edge-triggered flip-flop clocked by clk)
Path Group: clk
Path Type: min

Fanout     Cap    Slew   Delay    Time   Description
-----------------------------------------------------------------------------
                  0.00    0.00    0.00   clock clk (rise edge)
                          0.00    0.00   clock network delay (ideal)
                  0.00    0.00    0.00 ^ _620705_/CLK (sky130_fd_sc_hd__dfrtp_2)
     1    0.00    0.04    0.31    0.31 ^ _620705_/Q (sky130_fd_sc_hd__dfrtp_2)
                                         deq_pass_d1[0] (net)
                  0.04    0.00    0.31 ^ _620709_/D (sky130_fd_sc_hd__dfrtp_2)
                                  0.31   data arrival time

                  0.00    0.00    0.00   clock clk (rise edge)
                          0.00    0.00   clock network delay (ideal)
                          0.00    0.00   clock reconvergence pessimism
                                  0.00 ^ _620709_/CLK (sky130_fd_sc_hd__dfrtp_2)
                         -0.04   -0.04   library hold time
                                 -0.04   data required time
-----------------------------------------------------------------------------
                                 -0.04   data required time
                                 -0.31   data arrival time
-----------------------------------------------------------------------------
                                  0.35   slack (MET)
