
77. Printing statistics.

=== flash_attn_core ===

   Number of wires:             344211
   Number of wire bits:         344897
   Number of public wires:       36705
   Number of public wire bits:   37391
   Number of memories:               0
   Number of memory bits:            0
   Number of processes:              0
   Number of cells:             343918
     $paramod$0ab9662b87e71136ecad03ba5ac9d3a5cbf4948c\sram_1r1w      2
     $paramod$533901840c6434485866a7de337f65d3c65af142\sram_1r1w      3
     dequantizer                    16
     output_buffer                   1
     sky130_fd_sc_hd__a2111o_2    1050
     sky130_fd_sc_hd__a2111oi_2     28
     sky130_fd_sc_hd__a211o_2     1511
     sky130_fd_sc_hd__a211oi_2    1338
     sky130_fd_sc_hd__a21bo_2     2265
     sky130_fd_sc_hd__a21boi_2     316
     sky130_fd_sc_hd__a21o_2     10667
     sky130_fd_sc_hd__a21oi_2     8530
     sky130_fd_sc_hd__a221o_2     4461
     sky130_fd_sc_hd__a221oi_2      31
     sky130_fd_sc_hd__a22o_2     17379
     sky130_fd_sc_hd__a22oi_2     1897
     sky130_fd_sc_hd__a2bb2o_2    2887
     sky130_fd_sc_hd__a2bb2oi_2      3
     sky130_fd_sc_hd__a311o_2      269
     sky130_fd_sc_hd__a311oi_2      37
     sky130_fd_sc_hd__a31o_2      8564
     sky130_fd_sc_hd__a31oi_2      495
     sky130_fd_sc_hd__a32o_2      4912
     sky130_fd_sc_hd__a32oi_2       13
     sky130_fd_sc_hd__a41o_2       153
     sky130_fd_sc_hd__a41oi_2        2
     sky130_fd_sc_hd__and2_2     12852
     sky130_fd_sc_hd__and2b_2     5379
     sky130_fd_sc_hd__and3_2      7591
     sky130_fd_sc_hd__and3b_2      700
     sky130_fd_sc_hd__and4_2      3324
     sky130_fd_sc_hd__and4b_2     1442
     sky130_fd_sc_hd__and4bb_2     498
     sky130_fd_sc_hd__buf_1      37014
     sky130_fd_sc_hd__buf_2          4
     sky130_fd_sc_hd__conb_1        12
     sky130_fd_sc_hd__dfrtp_2    25849
     sky130_fd_sc_hd__dfstp_2       51
     sky130_fd_sc_hd__dfxtp_2    10393
     sky130_fd_sc_hd__inv_2       4860
     sky130_fd_sc_hd__mux2_2     17798
     sky130_fd_sc_hd__mux4_2       165
     sky130_fd_sc_hd__nand2_2    25755
     sky130_fd_sc_hd__nand2b_2      42
     sky130_fd_sc_hd__nand3_2     5460
     sky130_fd_sc_hd__nand3b_2      88
     sky130_fd_sc_hd__nand4_2     1501
     sky130_fd_sc_hd__nand4b_2       8
     sky130_fd_sc_hd__nor2_2     21346
     sky130_fd_sc_hd__nor2b_2       31
     sky130_fd_sc_hd__nor3_2      2702
     sky130_fd_sc_hd__nor3b_2       39
     sky130_fd_sc_hd__nor4_2        57
     sky130_fd_sc_hd__nor4b_2       61
     sky130_fd_sc_hd__o2111a_2      47
     sky130_fd_sc_hd__o2111ai_2     13
     sky130_fd_sc_hd__o211a_2     1984
     sky130_fd_sc_hd__o211ai_2     366
     sky130_fd_sc_hd__o21a_2      4777
     sky130_fd_sc_hd__o21ai_2     5285
     sky130_fd_sc_hd__o21ba_2     2240
     sky130_fd_sc_hd__o21bai_2    1571
     sky130_fd_sc_hd__o221a_2      674
     sky130_fd_sc_hd__o221ai_2      23
     sky130_fd_sc_hd__o22a_2      7300
     sky130_fd_sc_hd__o22ai_2      513
     sky130_fd_sc_hd__o2bb2a_2    3087
     sky130_fd_sc_hd__o2bb2ai_2      1
     sky130_fd_sc_hd__o311a_2      135
     sky130_fd_sc_hd__o311ai_2      18
     sky130_fd_sc_hd__o31a_2       518
     sky130_fd_sc_hd__o31ai_2      211
     sky130_fd_sc_hd__o32a_2       325
     sky130_fd_sc_hd__o32ai_2        4
     sky130_fd_sc_hd__o41a_2       269
     sky130_fd_sc_hd__o41ai_2        5
     sky130_fd_sc_hd__or2_2      14915
     sky130_fd_sc_hd__or2b_2      5521
     sky130_fd_sc_hd__or3_2       3849
     sky130_fd_sc_hd__or3b_2      1669
     sky130_fd_sc_hd__or4_2       1221
     sky130_fd_sc_hd__or4b_2        45
     sky130_fd_sc_hd__or4bb_2       21
     sky130_fd_sc_hd__xnor2_2    27545
     sky130_fd_sc_hd__xor2_2      7914

   Area for cell type $paramod$533901840c6434485866a7de337f65d3c65af142\sram_1r1w is unknown!
   Area for cell type \output_buffer is unknown!
   Area for cell type \dequantizer is unknown!
   Area for cell type $paramod$0ab9662b87e71136ecad03ba5ac9d3a5cbf4948c\sram_1r1w is unknown!

   Chip area for module '\flash_attn_core': 3653926.905601

